<?xml version="1.0" encoding="UTF-8"?>
<!-- Generated by org.testng.reporters.JUnitXMLReporter -->
<testsuite ignored="0" hostname="DESKTOP-4J3OPFF" failures="0" tests="4" name="Default test" time="27.447" errors="0" timestamp="2021-07-14T16:51:22 IST">
  <testcase classname="utils.testNG" name="test1" time="7.542"/>
  <testcase classname="utils.testNG" name="test1" time="4.439"/>
  <testcase classname="utils.testNG" name="test1" time="3.651"/>
  <testcase classname="utils.testNG" name="test1" time="2.759"/>
</testsuite> <!-- Default test -->
