<?xml version="1.0" encoding="UTF-8"?>
<testng-results ignored="0" total="4" passed="4" failed="0" skipped="0">
  <reporter-output>
  </reporter-output>
  <suite started-at="2021-07-14T16:50:55 IST" name="Default suite" finished-at="2021-07-14T16:51:22 IST" duration-ms="27447">
    <groups>
    </groups>
    <test started-at="2021-07-14T16:50:55 IST" name="Default test" finished-at="2021-07-14T16:51:22 IST" duration-ms="27447">
      <class name="utils.testNG">
        <test-method is-config="true" signature="setUpTest()[pri:0, instance:utils.testNG@6e6f2380]" started-at="2021-07-14T16:50:55 IST" name="setUpTest" finished-at="2021-07-14T16:51:00 IST" duration-ms="5586" status="PASS">
          <reporter-output>
          </reporter-output>
        </test-method> <!-- setUpTest -->
        <test-method signature="test1(java.lang.String,java.lang.String)[pri:0, instance:utils.testNG@6e6f2380]" started-at="2021-07-14T16:51:04 IST" name="test1" data-provider="test1data" finished-at="2021-07-14T16:51:11 IST" duration-ms="7542" status="PASS">
          <params>
            <param index="0">
              <value>
                <![CDATA[standard_user]]>
              </value>
            </param>
            <param index="1">
              <value>
                <![CDATA[secret_sauce]]>
              </value>
            </param>
          </params>
          <reporter-output>
          </reporter-output>
        </test-method> <!-- test1 -->
        <test-method signature="test1(java.lang.String,java.lang.String)[pri:0, instance:utils.testNG@6e6f2380]" started-at="2021-07-14T16:51:11 IST" name="test1" data-provider="test1data" finished-at="2021-07-14T16:51:16 IST" duration-ms="4439" status="PASS">
          <params>
            <param index="0">
              <value>
                <![CDATA[locked_out_user]]>
              </value>
            </param>
            <param index="1">
              <value>
                <![CDATA[secret_sauce]]>
              </value>
            </param>
          </params>
          <reporter-output>
          </reporter-output>
        </test-method> <!-- test1 -->
        <test-method signature="test1(java.lang.String,java.lang.String)[pri:0, instance:utils.testNG@6e6f2380]" started-at="2021-07-14T16:51:16 IST" name="test1" data-provider="test1data" finished-at="2021-07-14T16:51:20 IST" duration-ms="3651" status="PASS">
          <params>
            <param index="0">
              <value>
                <![CDATA[problem_user]]>
              </value>
            </param>
            <param index="1">
              <value>
                <![CDATA[secret_sauce]]>
              </value>
            </param>
          </params>
          <reporter-output>
          </reporter-output>
        </test-method> <!-- test1 -->
        <test-method signature="test1(java.lang.String,java.lang.String)[pri:0, instance:utils.testNG@6e6f2380]" started-at="2021-07-14T16:51:20 IST" name="test1" data-provider="test1data" finished-at="2021-07-14T16:51:22 IST" duration-ms="2759" status="PASS">
          <params>
            <param index="0">
              <value>
                <![CDATA[performance_glitch_user]]>
              </value>
            </param>
            <param index="1">
              <value>
                <![CDATA[secret_sauce]]>
              </value>
            </param>
          </params>
          <reporter-output>
          </reporter-output>
        </test-method> <!-- test1 -->
      </class> <!-- utils.testNG -->
    </test> <!-- Default test -->
  </suite> <!-- Default suite -->
</testng-results>
